<?xml version="1.0" encoding="UTF-8"?>
<!-- Generated by org.testng.reporters.JUnitReportReporter -->
<testsuite hostname="Navids-MacBook-Pro.local" failures="0" tests="3" name="page_objects_test.HerokuAppTest" time="14.764" errors="0" timestamp="16 May 2020 02:32:44 GMT" skipped="0">
  <testcase classname="page_objects_test.HerokuAppTest" name="openingTheFirstLink" time="6.553"/>
  <testcase classname="page_objects_test.HerokuAppTest" name="openingTheSecondLink" time="4.874"/>
  <testcase classname="page_objects_test.HerokuAppTest" name="openingTheThirdLink" time="3.337"/>
</testsuite> <!-- page_objects_test.HerokuAppTest -->
